<?xml version="1.0" encoding="UTF-8"?>
<!-- Generated by org.testng.reporters.JUnitReportReporter -->
<testsuite hostname="DESKTOP-8D1500M" failures="0" tests="1" name="testCases.TC001_AccountRegistrationTest" time="4.029" errors="0" timestamp="2025-01-28T19:41:49 IST" skipped="0">
  <testcase classname="testCases.TC001_AccountRegistrationTest" name="verify_account_registartion" time="4.029"/>
</testsuite> <!-- testCases.TC001_AccountRegistrationTest -->
