<?xml version="1.0" encoding="UTF-8"?>
<!-- Generated by org.testng.reporters.JUnitReportReporter -->
<testsuite hostname="DESKTOP-8D1500M" failures="0" tests="1" name="testCases.TC002_LoginTest" time="2.552" errors="0" timestamp="2025-01-28T19:42:58 IST" skipped="0">
  <testcase classname="testCases.TC002_LoginTest" name="verify_login" time="2.552"/>
</testsuite> <!-- testCases.TC002_LoginTest -->
