<?xml version="1.0" encoding="UTF-8"?>
<!-- Generated by org.testng.reporters.JUnitReportReporter -->
<testsuite hostname="DESKTOP-8D1500M" failures="0" tests="6" name="testCases.TC003_LoginDDT" time="47.670" errors="0" timestamp="2025-01-28T17:30:43 IST" skipped="0">
  <testcase classname="testCases.TC003_LoginDDT" name="verify_loginDDT" time="2.213"/>
  <testcase classname="testCases.TC003_LoginDDT" name="verify_loginDDT" time="11.076"/>
  <testcase classname="testCases.TC003_LoginDDT" name="verify_loginDDT" time="1.449"/>
  <testcase classname="testCases.TC003_LoginDDT" name="verify_loginDDT" time="11.030"/>
  <testcase classname="testCases.TC003_LoginDDT" name="verify_loginDDT" time="11.059"/>
  <testcase classname="testCases.TC003_LoginDDT" name="verify_loginDDT" time="10.843"/>
</testsuite> <!-- testCases.TC003_LoginDDT -->
