<?xml version="1.0" encoding="UTF-8"?>
<!-- Generated by org.testng.reporters.JUnitReportReporter -->
<testsuite hostname="DESKTOP-8D1500M" failures="0" tests="1" name="testCases.TC001_AccountRegistrationTest" time="3.262" errors="0" timestamp="2025-01-28T20:05:33 IST" skipped="0">
  <testcase classname="testCases.TC001_AccountRegistrationTest" name="verify_account_registartion" time="3.262"/>
</testsuite> <!-- testCases.TC001_AccountRegistrationTest -->
